<?xml version="1.0" encoding="UTF-8"?>
<!-- Generated by org.testng.reporters.JUnitReportReporter -->
<testsuite hostname="DESKTOP-K9CMI3T" failures="0" tests="4" name="com.rahulshetty.testcomponents.AppTest" time="65.453" errors="0" timestamp="2024-03-24T19:35:25 IST" skipped="2">
  <testcase classname="com.rahulshetty.testcomponents.AppTest" name="submitOrderTest" time="23.680"/>
  <testcase classname="com.rahulshetty.testcomponents.AppTest" name="submitOrderTest" time="25.062">
    <skipped/>
  </testcase> <!-- submitOrderTest -->
  <testcase classname="com.rahulshetty.testcomponents.AppTest" name="historyOrder" time="16.711"/>
  <testcase classname="com.rahulshetty.testcomponents.AppTest" name="checkTest">
    <skipped/>
  </testcase> <!-- checkTest -->
</testsuite> <!-- com.rahulshetty.testcomponents.AppTest -->
