<?xml version="1.0" encoding="UTF-8"?>
<!-- Generated by org.testng.reporters.JUnitReportReporter -->
<testsuite hostname="DESKTOP-K9CMI3T" failures="0" tests="3" name="com.rahulshetty.pageobjects.AppTest2" time="16.213" errors="0" timestamp="2024-03-22T14:25:14 IST" skipped="0">
  <testcase classname="com.rahulshetty.pageobjects.AppTest2" name="checkTest" time="4.141"/>
  <testcase classname="com.rahulshetty.pageobjects.AppTest2" name="historyOrder" time="6.053"/>
  <testcase classname="com.rahulshetty.pageobjects.AppTest2" name="submitOrderTest" time="6.019"/>
</testsuite> <!-- com.rahulshetty.pageobjects.AppTest2 -->
